0 info it worked if it ends with ok
1 verbose cli [ '/usr/bin/nodejs',
1 verbose cli   '/usr/bin/npm',
1 verbose cli   'install',
1 verbose cli   '-g',
1 verbose cli   'getcomposer' ]
2 info using npm@3.10.10
3 info using node@v6.10.3
4 silly loadCurrentTree Starting
5 silly install loadCurrentTree
6 silly install readGlobalPackageData
7 silly fetchPackageMetaData getcomposer
8 silly fetchNamedPackageData getcomposer
9 silly mapToRegistry name getcomposer
10 silly mapToRegistry using default registry
11 silly mapToRegistry registry https://registry.npmjs.org/
12 silly mapToRegistry data Result {
12 silly mapToRegistry   raw: 'getcomposer',
12 silly mapToRegistry   scope: null,
12 silly mapToRegistry   escapedName: 'getcomposer',
12 silly mapToRegistry   name: 'getcomposer',
12 silly mapToRegistry   rawSpec: '',
12 silly mapToRegistry   spec: 'latest',
12 silly mapToRegistry   type: 'tag' }
13 silly mapToRegistry uri https://registry.npmjs.org/getcomposer
14 verbose request uri https://registry.npmjs.org/getcomposer
15 verbose request no auth needed
16 info attempt registry request try #1 at 08:16:05
17 verbose request id 4fcbb28dff7dfb31
18 http request GET https://registry.npmjs.org/getcomposer
19 http 200 https://registry.npmjs.org/getcomposer
20 verbose headers { server: 'nginx/1.10.1',
20 verbose headers   'content-type': 'application/json',
20 verbose headers   'last-modified': 'Tue, 06 Jun 2017 10:29:36 GMT',
20 verbose headers   etag: 'W/"59368410-2eaa"',
20 verbose headers   'content-encoding': 'gzip',
20 verbose headers   'cache-control': 'max-age=300',
20 verbose headers   'content-length': '1991',
20 verbose headers   'accept-ranges': 'bytes',
20 verbose headers   date: 'Mon, 19 Jun 2017 06:16:06 GMT',
20 verbose headers   via: '1.1 varnish',
20 verbose headers   age: '0',
20 verbose headers   connection: 'keep-alive',
20 verbose headers   'x-served-by': 'cache-cdg8724-CDG',
20 verbose headers   'x-cache': 'MISS',
20 verbose headers   'x-cache-hits': '0',
20 verbose headers   'x-timer': 'S1497852966.117480,VS0,VE101',
20 verbose headers   vary: 'Accept-Encoding' }
21 silly get cb [ 200,
21 silly get   { server: 'nginx/1.10.1',
21 silly get     'content-type': 'application/json',
21 silly get     'last-modified': 'Tue, 06 Jun 2017 10:29:36 GMT',
21 silly get     etag: 'W/"59368410-2eaa"',
21 silly get     'content-encoding': 'gzip',
21 silly get     'cache-control': 'max-age=300',
21 silly get     'content-length': '1991',
21 silly get     'accept-ranges': 'bytes',
21 silly get     date: 'Mon, 19 Jun 2017 06:16:06 GMT',
21 silly get     via: '1.1 varnish',
21 silly get     age: '0',
21 silly get     connection: 'keep-alive',
21 silly get     'x-served-by': 'cache-cdg8724-CDG',
21 silly get     'x-cache': 'MISS',
21 silly get     'x-cache-hits': '0',
21 silly get     'x-timer': 'S1497852966.117480,VS0,VE101',
21 silly get     vary: 'Accept-Encoding' } ]
22 verbose get saving getcomposer to /home/etud/info/pipic1/.npm/registry.npmjs.org/getcomposer/.cache.json
23 verbose correctMkdir /home/etud/info/pipic1/.npm correctMkdir not in flight; initializing
24 silly install normalizeTree
25 silly loadCurrentTree Finishing
26 silly loadIdealTree Starting
27 silly install loadIdealTree
28 silly cloneCurrentTree Starting
29 silly install cloneCurrentTreeToIdealTree
30 silly cloneCurrentTree Finishing
31 silly loadShrinkwrap Starting
32 silly install loadShrinkwrap
33 silly loadShrinkwrap Finishing
34 silly loadAllDepsIntoIdealTree Starting
35 silly install loadAllDepsIntoIdealTree
36 silly resolveWithNewModule getcomposer@1.3.3 checking installable status
37 silly cache add args [ 'getcomposer', null ]
38 verbose cache add spec getcomposer
39 silly cache add parsed spec Result {
39 silly cache add   raw: 'getcomposer',
39 silly cache add   scope: null,
39 silly cache add   escapedName: 'getcomposer',
39 silly cache add   name: 'getcomposer',
39 silly cache add   rawSpec: '',
39 silly cache add   spec: 'latest',
39 silly cache add   type: 'tag' }
40 silly addNamed getcomposer@latest
41 verbose addNamed "latest" is being treated as a dist-tag for getcomposer
42 info addNameTag [ 'getcomposer', 'latest' ]
43 silly mapToRegistry name getcomposer
44 silly mapToRegistry using default registry
45 silly mapToRegistry registry https://registry.npmjs.org/
46 silly mapToRegistry data Result {
46 silly mapToRegistry   raw: 'getcomposer',
46 silly mapToRegistry   scope: null,
46 silly mapToRegistry   escapedName: 'getcomposer',
46 silly mapToRegistry   name: 'getcomposer',
46 silly mapToRegistry   rawSpec: '',
46 silly mapToRegistry   spec: 'latest',
46 silly mapToRegistry   type: 'tag' }
47 silly mapToRegistry uri https://registry.npmjs.org/getcomposer
48 verbose addNameTag registry:https://registry.npmjs.org/getcomposer not in flight; fetching
49 verbose get https://registry.npmjs.org/getcomposer not expired, no request
50 silly addNameTag next cb for getcomposer with tag latest
51 silly addNamed getcomposer@1.3.3
52 verbose addNamed "1.3.3" is a plain semver version for getcomposer
53 silly mapToRegistry name getcomposer
54 silly mapToRegistry using default registry
55 silly mapToRegistry registry https://registry.npmjs.org/
56 silly mapToRegistry data Result {
56 silly mapToRegistry   raw: 'getcomposer',
56 silly mapToRegistry   scope: null,
56 silly mapToRegistry   escapedName: 'getcomposer',
56 silly mapToRegistry   name: 'getcomposer',
56 silly mapToRegistry   rawSpec: '',
56 silly mapToRegistry   spec: 'latest',
56 silly mapToRegistry   type: 'tag' }
57 silly mapToRegistry uri https://registry.npmjs.org/getcomposer
58 verbose addRemoteTarball https://registry.npmjs.org/getcomposer/-/getcomposer-1.3.3.tgz not in flight; adding
59 verbose addRemoteTarball [ 'https://registry.npmjs.org/getcomposer/-/getcomposer-1.3.3.tgz',
59 verbose addRemoteTarball   '745e3ce703845cbb5369de86c4f9ac47e629e710' ]
60 info retry fetch attempt 1 at 08:16:06
61 info attempt registry request try #1 at 08:16:06
62 http fetch GET https://registry.npmjs.org/getcomposer/-/getcomposer-1.3.3.tgz
63 http fetch 200 https://registry.npmjs.org/getcomposer/-/getcomposer-1.3.3.tgz
64 silly fetchAndShaCheck shasum 745e3ce703845cbb5369de86c4f9ac47e629e710
65 verbose addTmpTarball /tmp/npm-3840-297898ff/registry.npmjs.org/getcomposer/-/getcomposer-1.3.3.tgz not in flight; adding
66 verbose addTmpTarball already have metadata; skipping unpack for getcomposer@1.3.3
67 verbose correctMkdir /home/etud/info/pipic1/.npm correctMkdir not in flight; initializing
68 silly cache afterAdd getcomposer@1.3.3
69 verbose afterAdd /home/etud/info/pipic1/.npm/getcomposer/1.3.3/package/package.json not in flight; writing
70 verbose correctMkdir /home/etud/info/pipic1/.npm correctMkdir not in flight; initializing
71 verbose afterAdd /home/etud/info/pipic1/.npm/getcomposer/1.3.3/package/package.json written
72 silly fetchNamedPackageData chalk
73 silly mapToRegistry name chalk
74 silly mapToRegistry using default registry
75 silly mapToRegistry registry https://registry.npmjs.org/
76 silly mapToRegistry data Result {
76 silly mapToRegistry   raw: 'chalk',
76 silly mapToRegistry   scope: null,
76 silly mapToRegistry   escapedName: 'chalk',
76 silly mapToRegistry   name: 'chalk',
76 silly mapToRegistry   rawSpec: '',
76 silly mapToRegistry   spec: 'latest',
76 silly mapToRegistry   type: 'tag' }
77 silly mapToRegistry uri https://registry.npmjs.org/chalk
78 verbose request uri https://registry.npmjs.org/chalk
79 verbose request no auth needed
80 info attempt registry request try #1 at 08:16:06
81 verbose etag W/"592c868a-8ab5"
82 verbose lastModified Mon, 29 May 2017 20:37:30 GMT
83 http request GET https://registry.npmjs.org/chalk
84 http 200 https://registry.npmjs.org/chalk
85 verbose headers { server: 'nginx/1.10.1',
85 verbose headers   'content-type': 'application/json',
85 verbose headers   'last-modified': 'Sun, 18 Jun 2017 22:48:01 GMT',
85 verbose headers   etag: 'W/"59470321-8bc3"',
85 verbose headers   'content-encoding': 'gzip',
85 verbose headers   'cache-control': 'max-age=300',
85 verbose headers   'content-length': '9528',
85 verbose headers   'accept-ranges': 'bytes',
85 verbose headers   date: 'Mon, 19 Jun 2017 06:16:06 GMT',
85 verbose headers   via: '1.1 varnish',
85 verbose headers   age: '232',
85 verbose headers   connection: 'keep-alive',
85 verbose headers   'x-served-by': 'cache-cdg8724-CDG',
85 verbose headers   'x-cache': 'HIT',
85 verbose headers   'x-cache-hits': '5',
85 verbose headers   'x-timer': 'S1497852966.428199,VS0,VE0',
85 verbose headers   vary: 'Accept-Encoding' }
86 silly get cb [ 200,
86 silly get   { server: 'nginx/1.10.1',
86 silly get     'content-type': 'application/json',
86 silly get     'last-modified': 'Sun, 18 Jun 2017 22:48:01 GMT',
86 silly get     etag: 'W/"59470321-8bc3"',
86 silly get     'content-encoding': 'gzip',
86 silly get     'cache-control': 'max-age=300',
86 silly get     'content-length': '9528',
86 silly get     'accept-ranges': 'bytes',
86 silly get     date: 'Mon, 19 Jun 2017 06:16:06 GMT',
86 silly get     via: '1.1 varnish',
86 silly get     age: '232',
86 silly get     connection: 'keep-alive',
86 silly get     'x-served-by': 'cache-cdg8724-CDG',
86 silly get     'x-cache': 'HIT',
86 silly get     'x-cache-hits': '5',
86 silly get     'x-timer': 'S1497852966.428199,VS0,VE0',
86 silly get     vary: 'Accept-Encoding' } ]
87 verbose get saving chalk to /home/etud/info/pipic1/.npm/registry.npmjs.org/chalk/.cache.json
88 verbose correctMkdir /home/etud/info/pipic1/.npm correctMkdir not in flight; initializing
89 silly resolveWithNewModule chalk@1.1.3 checking installable status
90 silly cache add args [ 'chalk@^1.0.0', null ]
91 verbose cache add spec chalk@^1.0.0
92 silly cache add parsed spec Result {
92 silly cache add   raw: 'chalk@^1.0.0',
92 silly cache add   scope: null,
92 silly cache add   escapedName: 'chalk',
92 silly cache add   name: 'chalk',
92 silly cache add   rawSpec: '^1.0.0',
92 silly cache add   spec: '>=1.0.0 <2.0.0',
92 silly cache add   type: 'range' }
93 silly addNamed chalk@>=1.0.0 <2.0.0
94 verbose addNamed ">=1.0.0 <2.0.0" is a valid semver range for chalk
95 silly addNameRange { name: 'chalk', range: '>=1.0.0 <2.0.0', hasData: false }
96 silly mapToRegistry name chalk
97 silly mapToRegistry using default registry
98 silly mapToRegistry registry https://registry.npmjs.org/
99 silly mapToRegistry data Result {
99 silly mapToRegistry   raw: 'chalk',
99 silly mapToRegistry   scope: null,
99 silly mapToRegistry   escapedName: 'chalk',
99 silly mapToRegistry   name: 'chalk',
99 silly mapToRegistry   rawSpec: '',
99 silly mapToRegistry   spec: 'latest',
99 silly mapToRegistry   type: 'tag' }
100 silly mapToRegistry uri https://registry.npmjs.org/chalk
101 verbose addNameRange registry:https://registry.npmjs.org/chalk not in flight; fetching
102 verbose get https://registry.npmjs.org/chalk not expired, no request
103 silly addNameRange number 2 { name: 'chalk', range: '>=1.0.0 <2.0.0', hasData: true }
104 silly addNameRange versions [ 'chalk',
104 silly addNameRange   [ '0.1.0',
104 silly addNameRange     '0.1.1',
104 silly addNameRange     '0.2.0',
104 silly addNameRange     '0.2.1',
104 silly addNameRange     '0.3.0',
104 silly addNameRange     '0.4.0',
104 silly addNameRange     '0.5.0',
104 silly addNameRange     '0.5.1',
104 silly addNameRange     '1.0.0',
104 silly addNameRange     '1.1.0',
104 silly addNameRange     '1.1.1',
104 silly addNameRange     '1.1.2',
104 silly addNameRange     '1.1.3' ] ]
105 silly addNamed chalk@1.1.3
106 verbose addNamed "1.1.3" is a plain semver version for chalk
107 silly cache afterAdd chalk@1.1.3
108 verbose afterAdd /home/etud/info/pipic1/.npm/chalk/1.1.3/package/package.json not in flight; writing
109 verbose correctMkdir /home/etud/info/pipic1/.npm correctMkdir not in flight; initializing
110 verbose afterAdd /home/etud/info/pipic1/.npm/chalk/1.1.3/package/package.json written
111 silly fetchNamedPackageData ansi-styles
112 silly mapToRegistry name ansi-styles
113 silly mapToRegistry using default registry
114 silly mapToRegistry registry https://registry.npmjs.org/
115 silly mapToRegistry data Result {
115 silly mapToRegistry   raw: 'ansi-styles',
115 silly mapToRegistry   scope: null,
115 silly mapToRegistry   escapedName: 'ansi-styles',
115 silly mapToRegistry   name: 'ansi-styles',
115 silly mapToRegistry   rawSpec: '',
115 silly mapToRegistry   spec: 'latest',
115 silly mapToRegistry   type: 'tag' }
116 silly mapToRegistry uri https://registry.npmjs.org/ansi-styles
117 silly fetchNamedPackageData escape-string-regexp
118 silly mapToRegistry name escape-string-regexp
119 silly mapToRegistry using default registry
120 silly mapToRegistry registry https://registry.npmjs.org/
121 silly mapToRegistry data Result {
121 silly mapToRegistry   raw: 'escape-string-regexp',
121 silly mapToRegistry   scope: null,
121 silly mapToRegistry   escapedName: 'escape-string-regexp',
121 silly mapToRegistry   name: 'escape-string-regexp',
121 silly mapToRegistry   rawSpec: '',
121 silly mapToRegistry   spec: 'latest',
121 silly mapToRegistry   type: 'tag' }
122 silly mapToRegistry uri https://registry.npmjs.org/escape-string-regexp
123 silly fetchNamedPackageData has-ansi
124 silly mapToRegistry name has-ansi
125 silly mapToRegistry using default registry
126 silly mapToRegistry registry https://registry.npmjs.org/
127 silly mapToRegistry data Result {
127 silly mapToRegistry   raw: 'has-ansi',
127 silly mapToRegistry   scope: null,
127 silly mapToRegistry   escapedName: 'has-ansi',
127 silly mapToRegistry   name: 'has-ansi',
127 silly mapToRegistry   rawSpec: '',
127 silly mapToRegistry   spec: 'latest',
127 silly mapToRegistry   type: 'tag' }
128 silly mapToRegistry uri https://registry.npmjs.org/has-ansi
129 silly fetchNamedPackageData strip-ansi
130 silly mapToRegistry name strip-ansi
131 silly mapToRegistry using default registry
132 silly mapToRegistry registry https://registry.npmjs.org/
133 silly mapToRegistry data Result {
133 silly mapToRegistry   raw: 'strip-ansi',
133 silly mapToRegistry   scope: null,
133 silly mapToRegistry   escapedName: 'strip-ansi',
133 silly mapToRegistry   name: 'strip-ansi',
133 silly mapToRegistry   rawSpec: '',
133 silly mapToRegistry   spec: 'latest',
133 silly mapToRegistry   type: 'tag' }
134 silly mapToRegistry uri https://registry.npmjs.org/strip-ansi
135 silly fetchNamedPackageData supports-color
136 silly mapToRegistry name supports-color
137 silly mapToRegistry using default registry
138 silly mapToRegistry registry https://registry.npmjs.org/
139 silly mapToRegistry data Result {
139 silly mapToRegistry   raw: 'supports-color',
139 silly mapToRegistry   scope: null,
139 silly mapToRegistry   escapedName: 'supports-color',
139 silly mapToRegistry   name: 'supports-color',
139 silly mapToRegistry   rawSpec: '',
139 silly mapToRegistry   spec: 'latest',
139 silly mapToRegistry   type: 'tag' }
140 silly mapToRegistry uri https://registry.npmjs.org/supports-color
141 verbose request uri https://registry.npmjs.org/escape-string-regexp
142 verbose request no auth needed
143 info attempt registry request try #1 at 08:16:06
144 verbose etag W/"591de84f-246f"
145 verbose lastModified Thu, 18 May 2017 18:30:39 GMT
146 http request GET https://registry.npmjs.org/escape-string-regexp
147 verbose request uri https://registry.npmjs.org/strip-ansi
148 verbose request no auth needed
149 info attempt registry request try #1 at 08:16:06
150 verbose etag W/"58f89af4-3e57"
151 verbose lastModified Thu, 20 Apr 2017 11:26:44 GMT
152 http request GET https://registry.npmjs.org/strip-ansi
153 verbose request uri https://registry.npmjs.org/has-ansi
154 verbose request no auth needed
155 info attempt registry request try #1 at 08:16:06
156 verbose etag W/"58f288ae-277a"
157 verbose lastModified Sat, 15 Apr 2017 20:55:10 GMT
158 http request GET https://registry.npmjs.org/has-ansi
159 verbose request uri https://registry.npmjs.org/ansi-styles
160 verbose request no auth needed
161 info attempt registry request try #1 at 08:16:06
162 verbose etag W/"58d490a1-4618"
163 verbose lastModified Fri, 24 Mar 2017 03:21:05 GMT
164 http request GET https://registry.npmjs.org/ansi-styles
165 verbose request uri https://registry.npmjs.org/supports-color
166 verbose request no auth needed
167 info attempt registry request try #1 at 08:16:06
168 verbose etag W/"58d490a2-68fc"
169 verbose lastModified Fri, 24 Mar 2017 03:21:06 GMT
170 http request GET https://registry.npmjs.org/supports-color
171 http 200 https://registry.npmjs.org/escape-string-regexp
172 verbose headers { server: 'nginx/1.10.1',
172 verbose headers   'content-type': 'application/json',
172 verbose headers   'last-modified': 'Sun, 04 Jun 2017 01:46:23 GMT',
172 verbose headers   etag: 'W/"5933666f-247e"',
172 verbose headers   'content-encoding': 'gzip',
172 verbose headers   'cache-control': 'max-age=300',
172 verbose headers   'content-length': '1761',
172 verbose headers   'accept-ranges': 'bytes',
172 verbose headers   date: 'Mon, 19 Jun 2017 06:16:06 GMT',
172 verbose headers   via: '1.1 varnish',
172 verbose headers   age: '214',
172 verbose headers   connection: 'keep-alive',
172 verbose headers   'x-served-by': 'cache-cdg8724-CDG',
172 verbose headers   'x-cache': 'HIT',
172 verbose headers   'x-cache-hits': '3',
172 verbose headers   'x-timer': 'S1497852967.508628,VS0,VE0',
172 verbose headers   vary: 'Accept-Encoding' }
173 silly get cb [ 200,
173 silly get   { server: 'nginx/1.10.1',
173 silly get     'content-type': 'application/json',
173 silly get     'last-modified': 'Sun, 04 Jun 2017 01:46:23 GMT',
173 silly get     etag: 'W/"5933666f-247e"',
173 silly get     'content-encoding': 'gzip',
173 silly get     'cache-control': 'max-age=300',
173 silly get     'content-length': '1761',
173 silly get     'accept-ranges': 'bytes',
173 silly get     date: 'Mon, 19 Jun 2017 06:16:06 GMT',
173 silly get     via: '1.1 varnish',
173 silly get     age: '214',
173 silly get     connection: 'keep-alive',
173 silly get     'x-served-by': 'cache-cdg8724-CDG',
173 silly get     'x-cache': 'HIT',
173 silly get     'x-cache-hits': '3',
173 silly get     'x-timer': 'S1497852967.508628,VS0,VE0',
173 silly get     vary: 'Accept-Encoding' } ]
174 verbose get saving escape-string-regexp to /home/etud/info/pipic1/.npm/registry.npmjs.org/escape-string-regexp/.cache.json
175 verbose correctMkdir /home/etud/info/pipic1/.npm correctMkdir not in flight; initializing
176 silly resolveWithNewModule escape-string-regexp@1.0.5 checking installable status
177 silly cache add args [ 'escape-string-regexp@^1.0.2', null ]
178 verbose cache add spec escape-string-regexp@^1.0.2
179 silly cache add parsed spec Result {
179 silly cache add   raw: 'escape-string-regexp@^1.0.2',
179 silly cache add   scope: null,
179 silly cache add   escapedName: 'escape-string-regexp',
179 silly cache add   name: 'escape-string-regexp',
179 silly cache add   rawSpec: '^1.0.2',
179 silly cache add   spec: '>=1.0.2 <2.0.0',
179 silly cache add   type: 'range' }
180 silly addNamed escape-string-regexp@>=1.0.2 <2.0.0
181 verbose addNamed ">=1.0.2 <2.0.0" is a valid semver range for escape-string-regexp
182 silly addNameRange { name: 'escape-string-regexp',
182 silly addNameRange   range: '>=1.0.2 <2.0.0',
182 silly addNameRange   hasData: false }
183 silly mapToRegistry name escape-string-regexp
184 silly mapToRegistry using default registry
185 silly mapToRegistry registry https://registry.npmjs.org/
186 silly mapToRegistry data Result {
186 silly mapToRegistry   raw: 'escape-string-regexp',
186 silly mapToRegistry   scope: null,
186 silly mapToRegistry   escapedName: 'escape-string-regexp',
186 silly mapToRegistry   name: 'escape-string-regexp',
186 silly mapToRegistry   rawSpec: '',
186 silly mapToRegistry   spec: 'latest',
186 silly mapToRegistry   type: 'tag' }
187 silly mapToRegistry uri https://registry.npmjs.org/escape-string-regexp
188 verbose addNameRange registry:https://registry.npmjs.org/escape-string-regexp not in flight; fetching
189 verbose get https://registry.npmjs.org/escape-string-regexp not expired, no request
190 silly addNameRange number 2 { name: 'escape-string-regexp',
190 silly addNameRange   range: '>=1.0.2 <2.0.0',
190 silly addNameRange   hasData: true }
191 silly addNameRange versions [ 'escape-string-regexp',
191 silly addNameRange   [ '1.0.0', '1.0.1', '1.0.2', '1.0.3', '1.0.4', '1.0.5' ] ]
192 silly addNamed escape-string-regexp@1.0.5
193 verbose addNamed "1.0.5" is a plain semver version for escape-string-regexp
194 silly cache afterAdd escape-string-regexp@1.0.5
195 verbose afterAdd /home/etud/info/pipic1/.npm/escape-string-regexp/1.0.5/package/package.json not in flight; writing
196 verbose correctMkdir /home/etud/info/pipic1/.npm correctMkdir not in flight; initializing
197 verbose afterAdd /home/etud/info/pipic1/.npm/escape-string-regexp/1.0.5/package/package.json written
198 http 304 https://registry.npmjs.org/strip-ansi
199 verbose headers { date: 'Mon, 19 Jun 2017 06:16:06 GMT',
199 verbose headers   via: '1.1 varnish',
199 verbose headers   'cache-control': 'max-age=300',
199 verbose headers   etag: 'W/"58f89af4-3e57"',
199 verbose headers   age: '3',
199 verbose headers   connection: 'keep-alive',
199 verbose headers   'x-served-by': 'cache-cdg8735-CDG',
199 verbose headers   'x-cache': 'HIT',
199 verbose headers   'x-cache-hits': '1',
199 verbose headers   'x-timer': 'S1497852967.531964,VS0,VE0',
199 verbose headers   vary: 'Accept-Encoding' }
200 silly get cb [ 304,
200 silly get   { date: 'Mon, 19 Jun 2017 06:16:06 GMT',
200 silly get     via: '1.1 varnish',
200 silly get     'cache-control': 'max-age=300',
200 silly get     etag: 'W/"58f89af4-3e57"',
200 silly get     age: '3',
200 silly get     connection: 'keep-alive',
200 silly get     'x-served-by': 'cache-cdg8735-CDG',
200 silly get     'x-cache': 'HIT',
200 silly get     'x-cache-hits': '1',
200 silly get     'x-timer': 'S1497852967.531964,VS0,VE0',
200 silly get     vary: 'Accept-Encoding' } ]
201 verbose etag https://registry.npmjs.org/strip-ansi from cache
202 verbose get saving strip-ansi to /home/etud/info/pipic1/.npm/registry.npmjs.org/strip-ansi/.cache.json
203 verbose correctMkdir /home/etud/info/pipic1/.npm correctMkdir not in flight; initializing
204 http 304 https://registry.npmjs.org/has-ansi
205 verbose headers { date: 'Mon, 19 Jun 2017 06:16:06 GMT',
205 verbose headers   via: '1.1 varnish',
205 verbose headers   'cache-control': 'max-age=300',
205 verbose headers   etag: 'W/"58f288ae-277a"',
205 verbose headers   age: '51',
205 verbose headers   connection: 'keep-alive',
205 verbose headers   'x-served-by': 'cache-cdg8720-CDG',
205 verbose headers   'x-cache': 'HIT',
205 verbose headers   'x-cache-hits': '2',
205 verbose headers   'x-timer': 'S1497852967.530180,VS0,VE0',
205 verbose headers   vary: 'Accept-Encoding' }
206 silly get cb [ 304,
206 silly get   { date: 'Mon, 19 Jun 2017 06:16:06 GMT',
206 silly get     via: '1.1 varnish',
206 silly get     'cache-control': 'max-age=300',
206 silly get     etag: 'W/"58f288ae-277a"',
206 silly get     age: '51',
206 silly get     connection: 'keep-alive',
206 silly get     'x-served-by': 'cache-cdg8720-CDG',
206 silly get     'x-cache': 'HIT',
206 silly get     'x-cache-hits': '2',
206 silly get     'x-timer': 'S1497852967.530180,VS0,VE0',
206 silly get     vary: 'Accept-Encoding' } ]
207 verbose etag https://registry.npmjs.org/has-ansi from cache
208 verbose get saving has-ansi to /home/etud/info/pipic1/.npm/registry.npmjs.org/has-ansi/.cache.json
209 verbose correctMkdir /home/etud/info/pipic1/.npm correctMkdir not in flight; initializing
210 http 304 https://registry.npmjs.org/supports-color
211 verbose headers { date: 'Mon, 19 Jun 2017 06:16:06 GMT',
211 verbose headers   via: '1.1 varnish',
211 verbose headers   'cache-control': 'max-age=300',
211 verbose headers   etag: 'W/"58d490a2-68fc"',
211 verbose headers   age: '45',
211 verbose headers   connection: 'keep-alive',
211 verbose headers   'x-served-by': 'cache-cdg8727-CDG',
211 verbose headers   'x-cache': 'HIT',
211 verbose headers   'x-cache-hits': '1',
211 verbose headers   'x-timer': 'S1497852967.538919,VS0,VE0',
211 verbose headers   vary: 'Accept-Encoding' }
212 silly get cb [ 304,
212 silly get   { date: 'Mon, 19 Jun 2017 06:16:06 GMT',
212 silly get     via: '1.1 varnish',
212 silly get     'cache-control': 'max-age=300',
212 silly get     etag: 'W/"58d490a2-68fc"',
212 silly get     age: '45',
212 silly get     connection: 'keep-alive',
212 silly get     'x-served-by': 'cache-cdg8727-CDG',
212 silly get     'x-cache': 'HIT',
212 silly get     'x-cache-hits': '1',
212 silly get     'x-timer': 'S1497852967.538919,VS0,VE0',
212 silly get     vary: 'Accept-Encoding' } ]
213 verbose etag https://registry.npmjs.org/supports-color from cache
214 verbose get saving supports-color to /home/etud/info/pipic1/.npm/registry.npmjs.org/supports-color/.cache.json
215 verbose correctMkdir /home/etud/info/pipic1/.npm correctMkdir not in flight; initializing
216 http 200 https://registry.npmjs.org/ansi-styles
217 verbose headers { server: 'nginx/1.10.1',
217 verbose headers   'content-type': 'application/json',
217 verbose headers   'last-modified': 'Mon, 12 Jun 2017 22:42:00 GMT',
217 verbose headers   etag: 'W/"593f18b8-4d51"',
217 verbose headers   'content-encoding': 'gzip',
217 verbose headers   'cache-control': 'max-age=300',
217 verbose headers   'content-length': '3601',
217 verbose headers   'accept-ranges': 'bytes',
217 verbose headers   date: 'Mon, 19 Jun 2017 06:16:06 GMT',
217 verbose headers   via: '1.1 varnish',
217 verbose headers   age: '296',
217 verbose headers   connection: 'keep-alive',
217 verbose headers   'x-served-by': 'cache-cdg8728-CDG',
217 verbose headers   'x-cache': 'HIT',
217 verbose headers   'x-cache-hits': '4',
217 verbose headers   'x-timer': 'S1497852967.533379,VS0,VE0',
217 verbose headers   vary: 'Accept-Encoding' }
218 silly get cb [ 200,
218 silly get   { server: 'nginx/1.10.1',
218 silly get     'content-type': 'application/json',
218 silly get     'last-modified': 'Mon, 12 Jun 2017 22:42:00 GMT',
218 silly get     etag: 'W/"593f18b8-4d51"',
218 silly get     'content-encoding': 'gzip',
218 silly get     'cache-control': 'max-age=300',
218 silly get     'content-length': '3601',
218 silly get     'accept-ranges': 'bytes',
218 silly get     date: 'Mon, 19 Jun 2017 06:16:06 GMT',
218 silly get     via: '1.1 varnish',
218 silly get     age: '296',
218 silly get     connection: 'keep-alive',
218 silly get     'x-served-by': 'cache-cdg8728-CDG',
218 silly get     'x-cache': 'HIT',
218 silly get     'x-cache-hits': '4',
218 silly get     'x-timer': 'S1497852967.533379,VS0,VE0',
218 silly get     vary: 'Accept-Encoding' } ]
219 verbose get saving ansi-styles to /home/etud/info/pipic1/.npm/registry.npmjs.org/ansi-styles/.cache.json
220 verbose correctMkdir /home/etud/info/pipic1/.npm correctMkdir not in flight; initializing
221 silly resolveWithNewModule strip-ansi@3.0.1 checking installable status
222 silly cache add args [ 'strip-ansi@^3.0.0', null ]
223 verbose cache add spec strip-ansi@^3.0.0
224 silly cache add parsed spec Result {
224 silly cache add   raw: 'strip-ansi@^3.0.0',
224 silly cache add   scope: null,
224 silly cache add   escapedName: 'strip-ansi',
224 silly cache add   name: 'strip-ansi',
224 silly cache add   rawSpec: '^3.0.0',
224 silly cache add   spec: '>=3.0.0 <4.0.0',
224 silly cache add   type: 'range' }
225 silly addNamed strip-ansi@>=3.0.0 <4.0.0
226 verbose addNamed ">=3.0.0 <4.0.0" is a valid semver range for strip-ansi
227 silly addNameRange { name: 'strip-ansi', range: '>=3.0.0 <4.0.0', hasData: false }
228 silly mapToRegistry name strip-ansi
229 silly mapToRegistry using default registry
230 silly mapToRegistry registry https://registry.npmjs.org/
231 silly mapToRegistry data Result {
231 silly mapToRegistry   raw: 'strip-ansi',
231 silly mapToRegistry   scope: null,
231 silly mapToRegistry   escapedName: 'strip-ansi',
231 silly mapToRegistry   name: 'strip-ansi',
231 silly mapToRegistry   rawSpec: '',
231 silly mapToRegistry   spec: 'latest',
231 silly mapToRegistry   type: 'tag' }
232 silly mapToRegistry uri https://registry.npmjs.org/strip-ansi
233 verbose addNameRange registry:https://registry.npmjs.org/strip-ansi not in flight; fetching
234 silly resolveWithNewModule has-ansi@2.0.0 checking installable status
235 silly cache add args [ 'has-ansi@^2.0.0', null ]
236 verbose cache add spec has-ansi@^2.0.0
237 silly cache add parsed spec Result {
237 silly cache add   raw: 'has-ansi@^2.0.0',
237 silly cache add   scope: null,
237 silly cache add   escapedName: 'has-ansi',
237 silly cache add   name: 'has-ansi',
237 silly cache add   rawSpec: '^2.0.0',
237 silly cache add   spec: '>=2.0.0 <3.0.0',
237 silly cache add   type: 'range' }
238 silly addNamed has-ansi@>=2.0.0 <3.0.0
239 verbose addNamed ">=2.0.0 <3.0.0" is a valid semver range for has-ansi
240 silly addNameRange { name: 'has-ansi', range: '>=2.0.0 <3.0.0', hasData: false }
241 silly mapToRegistry name has-ansi
242 silly mapToRegistry using default registry
243 silly mapToRegistry registry https://registry.npmjs.org/
244 silly mapToRegistry data Result {
244 silly mapToRegistry   raw: 'has-ansi',
244 silly mapToRegistry   scope: null,
244 silly mapToRegistry   escapedName: 'has-ansi',
244 silly mapToRegistry   name: 'has-ansi',
244 silly mapToRegistry   rawSpec: '',
244 silly mapToRegistry   spec: 'latest',
244 silly mapToRegistry   type: 'tag' }
245 silly mapToRegistry uri https://registry.npmjs.org/has-ansi
246 verbose addNameRange registry:https://registry.npmjs.org/has-ansi not in flight; fetching
247 verbose get https://registry.npmjs.org/strip-ansi not expired, no request
248 silly addNameRange number 2 { name: 'strip-ansi', range: '>=3.0.0 <4.0.0', hasData: true }
249 silly addNameRange versions [ 'strip-ansi',
249 silly addNameRange   [ '0.1.0',
249 silly addNameRange     '0.1.1',
249 silly addNameRange     '0.2.0',
249 silly addNameRange     '0.2.1',
249 silly addNameRange     '0.2.2',
249 silly addNameRange     '0.3.0',
249 silly addNameRange     '1.0.0',
249 silly addNameRange     '2.0.0',
249 silly addNameRange     '2.0.1',
249 silly addNameRange     '3.0.0',
249 silly addNameRange     '3.0.1' ] ]
250 silly addNamed strip-ansi@3.0.1
251 verbose addNamed "3.0.1" is a plain semver version for strip-ansi
252 verbose get https://registry.npmjs.org/has-ansi not expired, no request
253 silly addNameRange number 2 { name: 'has-ansi', range: '>=2.0.0 <3.0.0', hasData: true }
254 silly addNameRange versions [ 'has-ansi',
254 silly addNameRange   [ '0.1.0', '1.0.0', '1.0.1', '1.0.2', '1.0.3', '2.0.0' ] ]
255 silly addNamed has-ansi@2.0.0
256 verbose addNamed "2.0.0" is a plain semver version for has-ansi
257 silly cache afterAdd has-ansi@2.0.0
258 verbose afterAdd /home/etud/info/pipic1/.npm/has-ansi/2.0.0/package/package.json not in flight; writing
259 verbose correctMkdir /home/etud/info/pipic1/.npm correctMkdir not in flight; initializing
260 silly cache afterAdd strip-ansi@3.0.1
261 verbose afterAdd /home/etud/info/pipic1/.npm/strip-ansi/3.0.1/package/package.json not in flight; writing
262 verbose correctMkdir /home/etud/info/pipic1/.npm correctMkdir not in flight; initializing
263 silly resolveWithNewModule supports-color@2.0.0 checking installable status
264 silly cache add args [ 'supports-color@^2.0.0', null ]
265 verbose cache add spec supports-color@^2.0.0
266 silly cache add parsed spec Result {
266 silly cache add   raw: 'supports-color@^2.0.0',
266 silly cache add   scope: null,
266 silly cache add   escapedName: 'supports-color',
266 silly cache add   name: 'supports-color',
266 silly cache add   rawSpec: '^2.0.0',
266 silly cache add   spec: '>=2.0.0 <3.0.0',
266 silly cache add   type: 'range' }
267 silly addNamed supports-color@>=2.0.0 <3.0.0
268 verbose addNamed ">=2.0.0 <3.0.0" is a valid semver range for supports-color
269 silly addNameRange { name: 'supports-color',
269 silly addNameRange   range: '>=2.0.0 <3.0.0',
269 silly addNameRange   hasData: false }
270 silly mapToRegistry name supports-color
271 silly mapToRegistry using default registry
272 silly mapToRegistry registry https://registry.npmjs.org/
273 silly mapToRegistry data Result {
273 silly mapToRegistry   raw: 'supports-color',
273 silly mapToRegistry   scope: null,
273 silly mapToRegistry   escapedName: 'supports-color',
273 silly mapToRegistry   name: 'supports-color',
273 silly mapToRegistry   rawSpec: '',
273 silly mapToRegistry   spec: 'latest',
273 silly mapToRegistry   type: 'tag' }
274 silly mapToRegistry uri https://registry.npmjs.org/supports-color
275 verbose addNameRange registry:https://registry.npmjs.org/supports-color not in flight; fetching
276 silly resolveWithNewModule ansi-styles@2.2.1 checking installable status
277 silly cache add args [ 'ansi-styles@^2.2.1', null ]
278 verbose cache add spec ansi-styles@^2.2.1
279 silly cache add parsed spec Result {
279 silly cache add   raw: 'ansi-styles@^2.2.1',
279 silly cache add   scope: null,
279 silly cache add   escapedName: 'ansi-styles',
279 silly cache add   name: 'ansi-styles',
279 silly cache add   rawSpec: '^2.2.1',
279 silly cache add   spec: '>=2.2.1 <3.0.0',
279 silly cache add   type: 'range' }
280 silly addNamed ansi-styles@>=2.2.1 <3.0.0
281 verbose addNamed ">=2.2.1 <3.0.0" is a valid semver range for ansi-styles
282 silly addNameRange { name: 'ansi-styles', range: '>=2.2.1 <3.0.0', hasData: false }
283 silly mapToRegistry name ansi-styles
284 silly mapToRegistry using default registry
285 silly mapToRegistry registry https://registry.npmjs.org/
286 silly mapToRegistry data Result {
286 silly mapToRegistry   raw: 'ansi-styles',
286 silly mapToRegistry   scope: null,
286 silly mapToRegistry   escapedName: 'ansi-styles',
286 silly mapToRegistry   name: 'ansi-styles',
286 silly mapToRegistry   rawSpec: '',
286 silly mapToRegistry   spec: 'latest',
286 silly mapToRegistry   type: 'tag' }
287 silly mapToRegistry uri https://registry.npmjs.org/ansi-styles
288 verbose addNameRange registry:https://registry.npmjs.org/ansi-styles not in flight; fetching
289 verbose afterAdd /home/etud/info/pipic1/.npm/has-ansi/2.0.0/package/package.json written
290 verbose get https://registry.npmjs.org/supports-color not expired, no request
291 silly addNameRange number 2 { name: 'supports-color',
291 silly addNameRange   range: '>=2.0.0 <3.0.0',
291 silly addNameRange   hasData: true }
292 silly addNameRange versions [ 'supports-color',
292 silly addNameRange   [ '0.2.0',
292 silly addNameRange     '1.0.0',
292 silly addNameRange     '1.1.0',
292 silly addNameRange     '1.2.0',
292 silly addNameRange     '1.2.1',
292 silly addNameRange     '1.3.0',
292 silly addNameRange     '1.3.1',
292 silly addNameRange     '2.0.0',
292 silly addNameRange     '3.0.0',
292 silly addNameRange     '3.0.1',
292 silly addNameRange     '3.1.0',
292 silly addNameRange     '3.1.1',
292 silly addNameRange     '3.1.2',
292 silly addNameRange     '3.2.0',
292 silly addNameRange     '3.2.1',
292 silly addNameRange     '3.2.2',
292 silly addNameRange     '3.2.3' ] ]
293 silly addNamed supports-color@2.0.0
294 verbose addNamed "2.0.0" is a plain semver version for supports-color
295 verbose get https://registry.npmjs.org/ansi-styles not expired, no request
296 silly addNameRange number 2 { name: 'ansi-styles', range: '>=2.2.1 <3.0.0', hasData: true }
297 silly addNameRange versions [ 'ansi-styles',
297 silly addNameRange   [ '0.1.0',
297 silly addNameRange     '0.1.1',
297 silly addNameRange     '0.1.2',
297 silly addNameRange     '0.2.0',
297 silly addNameRange     '1.0.0',
297 silly addNameRange     '1.1.0',
297 silly addNameRange     '2.0.0',
297 silly addNameRange     '2.0.1',
297 silly addNameRange     '2.1.0',
297 silly addNameRange     '2.2.1',
297 silly addNameRange     '3.0.0',
297 silly addNameRange     '3.1.0' ] ]
298 silly addNamed ansi-styles@2.2.1
299 verbose addNamed "2.2.1" is a plain semver version for ansi-styles
300 verbose afterAdd /home/etud/info/pipic1/.npm/strip-ansi/3.0.1/package/package.json written
301 silly cache afterAdd supports-color@2.0.0
302 verbose afterAdd /home/etud/info/pipic1/.npm/supports-color/2.0.0/package/package.json not in flight; writing
303 verbose correctMkdir /home/etud/info/pipic1/.npm correctMkdir not in flight; initializing
304 verbose afterAdd /home/etud/info/pipic1/.npm/supports-color/2.0.0/package/package.json written
305 silly cache afterAdd ansi-styles@2.2.1
306 verbose afterAdd /home/etud/info/pipic1/.npm/ansi-styles/2.2.1/package/package.json not in flight; writing
307 verbose correctMkdir /home/etud/info/pipic1/.npm correctMkdir not in flight; initializing
308 verbose afterAdd /home/etud/info/pipic1/.npm/ansi-styles/2.2.1/package/package.json written
309 silly fetchNamedPackageData ansi-regex
310 silly mapToRegistry name ansi-regex
311 silly mapToRegistry using default registry
312 silly mapToRegistry registry https://registry.npmjs.org/
313 silly mapToRegistry data Result {
313 silly mapToRegistry   raw: 'ansi-regex',
313 silly mapToRegistry   scope: null,
313 silly mapToRegistry   escapedName: 'ansi-regex',
313 silly mapToRegistry   name: 'ansi-regex',
313 silly mapToRegistry   rawSpec: '',
313 silly mapToRegistry   spec: 'latest',
313 silly mapToRegistry   type: 'tag' }
314 silly mapToRegistry uri https://registry.npmjs.org/ansi-regex
315 verbose request uri https://registry.npmjs.org/ansi-regex
316 verbose request no auth needed
317 info attempt registry request try #1 at 08:16:06
318 verbose etag W/"58d490a3-3461"
319 verbose lastModified Fri, 24 Mar 2017 03:21:07 GMT
320 http request GET https://registry.npmjs.org/ansi-regex
321 http 304 https://registry.npmjs.org/ansi-regex
322 verbose headers { date: 'Mon, 19 Jun 2017 06:16:06 GMT',
322 verbose headers   via: '1.1 varnish',
322 verbose headers   'cache-control': 'max-age=300',
322 verbose headers   etag: 'W/"58d490a3-3461"',
322 verbose headers   age: '9',
322 verbose headers   connection: 'keep-alive',
322 verbose headers   'x-served-by': 'cache-cdg8724-CDG',
322 verbose headers   'x-cache': 'HIT',
322 verbose headers   'x-cache-hits': '1',
322 verbose headers   'x-timer': 'S1497852967.609765,VS0,VE1',
322 verbose headers   vary: 'Accept-Encoding' }
323 silly get cb [ 304,
323 silly get   { date: 'Mon, 19 Jun 2017 06:16:06 GMT',
323 silly get     via: '1.1 varnish',
323 silly get     'cache-control': 'max-age=300',
323 silly get     etag: 'W/"58d490a3-3461"',
323 silly get     age: '9',
323 silly get     connection: 'keep-alive',
323 silly get     'x-served-by': 'cache-cdg8724-CDG',
323 silly get     'x-cache': 'HIT',
323 silly get     'x-cache-hits': '1',
323 silly get     'x-timer': 'S1497852967.609765,VS0,VE1',
323 silly get     vary: 'Accept-Encoding' } ]
324 verbose etag https://registry.npmjs.org/ansi-regex from cache
325 verbose get saving ansi-regex to /home/etud/info/pipic1/.npm/registry.npmjs.org/ansi-regex/.cache.json
326 verbose correctMkdir /home/etud/info/pipic1/.npm correctMkdir not in flight; initializing
327 silly resolveWithNewModule ansi-regex@2.1.1 checking installable status
328 silly cache add args [ 'ansi-regex@^2.0.0', null ]
329 verbose cache add spec ansi-regex@^2.0.0
330 silly cache add parsed spec Result {
330 silly cache add   raw: 'ansi-regex@^2.0.0',
330 silly cache add   scope: null,
330 silly cache add   escapedName: 'ansi-regex',
330 silly cache add   name: 'ansi-regex',
330 silly cache add   rawSpec: '^2.0.0',
330 silly cache add   spec: '>=2.0.0 <3.0.0',
330 silly cache add   type: 'range' }
331 silly addNamed ansi-regex@>=2.0.0 <3.0.0
332 verbose addNamed ">=2.0.0 <3.0.0" is a valid semver range for ansi-regex
333 silly addNameRange { name: 'ansi-regex', range: '>=2.0.0 <3.0.0', hasData: false }
334 silly mapToRegistry name ansi-regex
335 silly mapToRegistry using default registry
336 silly mapToRegistry registry https://registry.npmjs.org/
337 silly mapToRegistry data Result {
337 silly mapToRegistry   raw: 'ansi-regex',
337 silly mapToRegistry   scope: null,
337 silly mapToRegistry   escapedName: 'ansi-regex',
337 silly mapToRegistry   name: 'ansi-regex',
337 silly mapToRegistry   rawSpec: '',
337 silly mapToRegistry   spec: 'latest',
337 silly mapToRegistry   type: 'tag' }
338 silly mapToRegistry uri https://registry.npmjs.org/ansi-regex
339 verbose addNameRange registry:https://registry.npmjs.org/ansi-regex not in flight; fetching
340 verbose get https://registry.npmjs.org/ansi-regex not expired, no request
341 silly addNameRange number 2 { name: 'ansi-regex', range: '>=2.0.0 <3.0.0', hasData: true }
342 silly addNameRange versions [ 'ansi-regex',
342 silly addNameRange   [ '0.1.0',
342 silly addNameRange     '0.2.0',
342 silly addNameRange     '0.2.1',
342 silly addNameRange     '1.0.0',
342 silly addNameRange     '1.1.0',
342 silly addNameRange     '1.1.1',
342 silly addNameRange     '2.0.0',
342 silly addNameRange     '2.1.1' ] ]
343 silly addNamed ansi-regex@2.1.1
344 verbose addNamed "2.1.1" is a plain semver version for ansi-regex
345 silly cache afterAdd ansi-regex@2.1.1
346 verbose afterAdd /home/etud/info/pipic1/.npm/ansi-regex/2.1.1/package/package.json not in flight; writing
347 verbose correctMkdir /home/etud/info/pipic1/.npm correctMkdir not in flight; initializing
348 verbose afterAdd /home/etud/info/pipic1/.npm/ansi-regex/2.1.1/package/package.json written
349 silly loadAllDepsIntoIdealTree Finishing
350 silly loadIdealTree Finishing
351 silly currentTree lib
352 silly idealTree lib
352 silly idealTree └─┬ getcomposer@1.3.3
352 silly idealTree   ├── ansi-regex@2.1.1
352 silly idealTree   ├── ansi-styles@2.2.1
352 silly idealTree   ├── chalk@1.1.3
352 silly idealTree   ├── escape-string-regexp@1.0.5
352 silly idealTree   ├── has-ansi@2.0.0
352 silly idealTree   ├── strip-ansi@3.0.1
352 silly idealTree   └── supports-color@2.0.0
353 silly generateActionsToTake Starting
354 silly install generateActionsToTake
355 warn checkPermissions Missing write access to /usr/lib/node_modules
356 silly rollbackFailedOptional Starting
357 silly rollbackFailedOptional Finishing
358 silly runTopLevelLifecycles Finishing
359 silly install printInstalled
360 verbose stack Error: EACCES: permission denied, access '/usr/lib/node_modules'
360 verbose stack     at Error (native)
361 verbose cwd /home/etud/info/pipic1/Github/9Quetzal
362 error Linux 3.16.0-4-amd64
363 error argv "/usr/bin/nodejs" "/usr/bin/npm" "install" "-g" "getcomposer"
364 error node v6.10.3
365 error npm  v3.10.10
366 error path /usr/lib/node_modules
367 error code EACCES
368 error errno -13
369 error syscall access
370 error Error: EACCES: permission denied, access '/usr/lib/node_modules'
370 error     at Error (native)
370 error  { Error: EACCES: permission denied, access '/usr/lib/node_modules'
370 error     at Error (native)
370 error   errno: -13,
370 error   code: 'EACCES',
370 error   syscall: 'access',
370 error   path: '/usr/lib/node_modules' }
371 error Please try running this command again as root/Administrator.
372 verbose exit [ -13, true ]
